#
# A fatal error has been detected by the Java Runtime Environment:
#
#  Internal Error (0xc000000d), pid=12772, tid=11276
#
# JRE version: OpenJDK Runtime Environment (11.0.6+8) (build 11.0.6+8-b520.66)
# Java VM: OpenJDK 64-Bit Server VM (11.0.6+8-b520.66, mixed mode, tiered, compressed oops, g1 gc, windows-amd64)
# Problematic frame:
# C  [ntdll.dll+0x112074]
#
# No core dump will be written. Minidumps are not enabled by default on client versions of Windows
#
# If you would like to submit a bug report, please visit:
#   http://bugreport.java.com/bugreport/crash.jsp
#

---------------  S U M M A R Y ------------

Command Line: -agentlib:jdwp=transport=dt_socket,address=127.0.0.1:54894,suspend=y,server=n -XX:TieredStopAtLevel=1 -Xverify:none -Dspring.output.ansi.enabled=always -Dcom.sun.management.jmxremote -Dspring.jmx.enabled=true -Dspring.liveBeansView.mbeanDomain -Dspring.application.admin.enabled=true -javaagent:C:\Users\admin\AppData\Local\JetBrains\Toolbox\apps\IDEA-U\ch-0\193.7288.26\plugins\java\lib\rt\debugger-agent.jar -Dfile.encoding=UTF-8 com.example.camerserver.CamerServerApplication

Host: Intel(R) Core(TM) i5-8250U CPU @ 1.60GHz, 8 cores, 7G,  Windows 10 , 64 bit Build 19041 (10.0.19041.804)
Time: Fri Aug 13 08:10:41 2021 中国标准时间 elapsed time: 28 seconds (0d 0h 0m 28s)

---------------  T H R E A D  ---------------

Current thread (0x00000199f787d800):  VMThread "VM Thread" [stack: 0x0000003a78000000,0x0000003a78100000] [id=11276]

Stack: [0x0000003a78000000,0x0000003a78100000],  sp=0x0000003a780fe520,  free space=1017k
Native frames: (J=compiled Java code, j=interpreted, Vv=VM code, C=native code)
C  [ntdll.dll+0x112074]
C  [ntdll.dll+0xb694f]
C  [ntdll.dll+0x3fb55]
C  [RTWorkQ.DLL+0x63d3]


siginfo: EXCEPTION_?? (0xc000000d)


Register to memory mapping:

RIP=0x00007ff978642074 ntdll.dll
RAX=0x0000003a780fe8c2 points into unknown readable memory: 00 00 00 00 00 00
RBX=0x0 is NULL
RCX=0x00000199fa1a1930 points into unknown readable memory: af ef c9 00 99 01 00 00
RDX=0x0000000000000004 is an unknown value
RSP=0x0000003a780fe520 points into unknown readable memory: 57 00 00 00 00 00 00 00
RBP=0x0000000000000003 is an unknown value
RSI=0x0000000000000f44 is an unknown value
RDI=0x00000199f89fcce0 points into unknown readable memory: 01 00 00 00 00 00 00 00
R8 =0x0000003a780fe060 points into unknown readable memory: 00 00 04 00 01 00 04 00
R9 =0x0 is NULL
R10=0x0000003a780fe6f0 points into unknown readable memory: 01 00 00 00 99 01 00 00
R11=0x0000000000000004 is an unknown value
R12=0x0000000000000f44 is an unknown value
R13=0x00007ff937cbb430 FrameServerClient.dll
R14=0x0 is NULL
R15=0x0000000000000f44 is an unknown value


Registers:
RAX=0x0000003a780fe8c2, RBX=0x0000000000000000, RCX=0x00000199fa1a1930, RDX=0x0000000000000004
RSP=0x0000003a780fe520, RBP=0x0000000000000003, RSI=0x0000000000000f44, RDI=0x00000199f89fcce0
R8 =0x0000003a780fe060, R9 =0x0000000000000000, R10=0x0000003a780fe6f0, R11=0x0000000000000004
R12=0x0000000000000f44, R13=0x00007ff937cbb430, R14=0x0000000000000000, R15=0x0000000000000f44
RIP=0x00007ff978642074, EFLAGS=0x0000000000000206

Top of Stack: (sp=0x0000003a780fe520)
0x0000003a780fe520:   0000000000000057 0000000000000000
0x0000003a780fe530:   0000000000000f44 0000000000000000
0x0000003a780fe540:   00000000c000000d 0000000000000000
0x0000003a780fe550:   00007ff978642074 0000000000000000
0x0000003a780fe560:   0000000000000000 0000000000000000
0x0000003a780fe570:   0000000000000000 0000000000000000
0x0000003a780fe580:   0000000000000000 0000000000000000
0x0000003a780fe590:   0000000000000000 0000000000000000
0x0000003a780fe5a0:   0000000000000000 0000000000000000
0x0000003a780fe5b0:   0000000000000000 0000000000000000
0x0000003a780fe5c0:   0000000000000000 0000000000000000
0x0000003a780fe5d0:   0000000000000000 0000000000000000
0x0000003a780fe5e0:   00002a08ccb82845 000000000000000c
0x0000003a780fe5f0:   00007ff937cbc2d8 00007ff9785e694f
0x0000003a780fe600:   0000000000000001 00007ff96e88874b
0x0000003a780fe610:   00007ff937cbb430 0000000000000f44 

Instructions: (pc=0x00007ff978642074)
0x00007ff978641f74:   cc cc cc cc cc cc cc cc 48 81 ec d8 00 00 00 48
0x00007ff978641f84:   8b 05 86 15 07 00 48 33 c4 48 89 84 24 c0 00 00
0x00007ff978641f94:   00 4d 85 c0 74 33 4d 8b 48 50 48 8d 05 cb 60 f6
0x00007ff978641fa4:   ff c7 44 24 38 05 00 00 00 4c 3b c8 75 0a 49 8b
0x00007ff978641fb4:   40 58 4c 8b 50 20 eb 03 45 33 d2 4d 85 d2 4d 0f
0x00007ff978641fc4:   45 ca 4c 89 4c 24 60 eb 08 c7 44 24 38 04 00 00
0x00007ff978641fd4:   00 48 83 64 24 28 00 48 83 64 24 58 00 48 63 c1
0x00007ff978641fe4:   48 8d 4c 24 20 48 89 44 24 40 c7 44 24 20 0a 07
0x00007ff978641ff4:   00 c0 48 89 54 24 48 4c 89 44 24 50 c7 44 24 24
0x00007ff978642004:   01 00 00 00 e8 13 93 f3 ff 48 8b 8c 24 c0 00 00
0x00007ff978642014:   00 48 33 cc e8 33 9c f7 ff 48 81 c4 d8 00 00 00
0x00007ff978642024:   c3 cc cc cc cc cc cc cc 48 81 ec d8 00 00 00 48
0x00007ff978642034:   8b 05 d6 14 07 00 48 33 c4 48 89 84 24 c0 00 00
0x00007ff978642044:   00 33 d2 41 b8 94 00 00 00 48 8d 4c 24 24 e8 69
0x00007ff978642054:   16 f9 ff c7 44 24 20 0d 00 00 c0 b9 57 00 00 00
0x00007ff978642064:   e8 b7 8a f3 ff 90 48 8d 4c 24 20 e8 ac 92 f3 ff
0x00007ff978642074:   eb 00 48 8b 8c 24 c0 00 00 00 48 33 cc e8 ca 9b
0x00007ff978642084:   f7 ff 48 81 c4 d8 00 00 00 c3 cc 40 55 48 83 ec
0x00007ff978642094:   20 48 8b ea e8 0f 00 00 00 90 48 83 c4 20 5d c3
0x00007ff9786420a4:   cc cc cc cc cc cc cc cc 48 83 ec 28 48 8b 51 08
0x00007ff9786420b4:   41 b8 03 00 00 00 48 8b 09 e8 8e a7 fc ff 33 c0
0x00007ff9786420c4:   48 83 c4 28 c3 cc cc cc cc cc cc cc 48 8b 01 48
0x00007ff9786420d4:   83 c9 ff 8b 10 e9 b2 aa f8 ff cc cc cc cc cc cc
0x00007ff9786420e4:   4c 8b dc 48 81 ec 88 00 00 00 48 8b 05 1b 14 07
0x00007ff9786420f4:   00 48 33 c4 48 89 44 24 70 48 8b 84 24 b0 00 00
0x00007ff978642104:   00 41 ba 24 1c 00 00 49 89 43 d8 8b 84 24 b8 00
0x00007ff978642114:   00 00 66 45 89 53 9e 49 89 4b b8 49 89 53 c0 4d
0x00007ff978642124:   89 43 c8 4d 89 4b d0 89 44 24 68 e8 fc 3d f0 ff
0x00007ff978642134:   85 c0 74 19 65 48 8b 04 25 60 00 00 00 48 8b 88
0x00007ff978642144:   90 00 00 00 48 81 c1 2c 02 00 00 eb 05 b9 86 03
0x00007ff978642154:   fe 7f 0f b6 09 4c 8d 4c 24 20 ba 03 04 00 00 41
0x00007ff978642164:   b8 2c 00 00 00 e8 52 b0 f8 ff 48 8b 4c 24 70 48 


Stack slot to memory mapping:
stack at sp + 0 slots: 0x0000000000000057 is an unknown value
stack at sp + 1 slots: 0x0 is NULL
stack at sp + 2 slots: 0x0000000000000f44 is an unknown value
stack at sp + 3 slots: 0x0 is NULL
stack at sp + 4 slots: 
[error occurred during error reporting (inspecting top of stack), id 0xc0000005, EXCEPTION_ACCESS_VIOLATION (0xc0000005) at pc=0x00007ff91c1c6e67]

VM_Operation (0x0000003a788ff020): Exit, mode: safepoint, requested by thread 0x00000199f9f62000


---------------  P R O C E S S  ---------------

Threads class SMR info:
_java_thread_list=0x00000199f99ec550, length=19, elements={
0x00000199f80a1800, 0x00000199f80a4000, 0x00000199f789b000, 0x00000199f789c000,
0x00000199f789e000, 0x00000199f80fa800, 0x00000199f7813800, 0x00000199f82de000,
0x00000199f8c05000, 0x00000199f936f000, 0x00000199f9987000, 0x00000199f975c800,
0x00000199f9f5e000, 0x00000199f9f58000, 0x00000199f9f5e800, 0x00000199f9f59000,
0x00000199f9f5f800, 0x00000199f9f59800, 0x00000199f9f62000
}

Java Threads: ( => current thread )
  0x00000199f80a1800 JavaThread "Reference Handler" daemon [_thread_blocked, id=19240, stack(0x0000003a78100000,0x0000003a78200000)]
  0x00000199f80a4000 JavaThread "Finalizer" daemon [_thread_blocked, id=19828, stack(0x0000003a78200000,0x0000003a78300000)]
  0x00000199f789b000 JavaThread "Signal Dispatcher" daemon [_thread_blocked, id=19380, stack(0x0000003a78300000,0x0000003a78400000)]
  0x00000199f789c000 JavaThread "Attach Listener" daemon [_thread_blocked, id=18788, stack(0x0000003a78400000,0x0000003a78500000)]
  0x00000199f789e000 JavaThread "C1 CompilerThread0" daemon [_thread_blocked, id=12832, stack(0x0000003a78500000,0x0000003a78600000)]
  0x00000199f80fa800 JavaThread "Sweeper thread" daemon [_thread_blocked, id=15352, stack(0x0000003a78600000,0x0000003a78700000)]
  0x00000199f7813800 JavaThread "Common-Cleaner" daemon [_thread_blocked, id=4020, stack(0x0000003a78700000,0x0000003a78800000)]
  0x00000199f82de000 JavaThread "JDWP Event Helper Thread" daemon [_thread_blocked, id=14752, stack(0x0000003a78900000,0x0000003a78a00000)]
  0x00000199f8c05000 JavaThread "Service Thread" daemon [_thread_blocked, id=19192, stack(0x0000003a78b00000,0x0000003a78c00000)]
  0x00000199f936f000 JavaThread "RMI TCP Accept-0" daemon [_thread_in_native, id=12380, stack(0x0000003a78c00000,0x0000003a78d00000)]
  0x00000199f9987000 JavaThread "RMI TCP Connection(3)-172.19.0.1" daemon [_thread_in_native, id=13180, stack(0x0000003a79300000,0x0000003a79400000)]
  0x00000199f975c800 JavaThread "RMI Scheduler(0)" daemon [_thread_blocked, id=8804, stack(0x0000003a79000000,0x0000003a79100000)]
  0x00000199f9f5e000 JavaThread "JavaCPP Deallocator" daemon [_thread_blocked, id=20604, stack(0x0000003a7a700000,0x0000003a7a800000)]
  0x00000199f9f58000 JavaThread "RMI TCP Connection(idle)" daemon [_thread_blocked, id=18208, stack(0x0000003a7a800000,0x0000003a7a900000)]
  0x00000199f9f5e800 JavaThread "Java2D Disposer" daemon [_thread_blocked, id=13452, stack(0x0000003a7b100000,0x0000003a7b200000)]
  0x00000199f9f59000 JavaThread "AWT-Shutdown" [_thread_blocked, id=21024, stack(0x0000003a7b200000,0x0000003a7b300000)]
  0x00000199f9f5f800 JavaThread "AWT-EventQueue-0" [_thread_blocked, id=8536, stack(0x0000003a7b400000,0x0000003a7b500000)]
  0x00000199f9f59800 JavaThread "DestroyJavaVM" [_thread_blocked, id=9504, stack(0x0000003a77a00000,0x0000003a77b00000)]
  0x00000199f9f62000 JavaThread "SIGINT handler" daemon [_thread_blocked, id=18176, stack(0x0000003a78800000,0x0000003a78900000)]

Other Threads:
=>0x00000199f787d800 VMThread "VM Thread" [stack: 0x0000003a78000000,0x0000003a78100000] [id=11276]
  0x00000199dcee8800 GCTaskThread "GC Thread#0" [stack: 0x0000003a77b00000,0x0000003a77c00000] [id=10068]
  0x00000199f9459000 GCTaskThread "GC Thread#1" [stack: 0x0000003a78e00000,0x0000003a78f00000] [id=20508]
  0x00000199f9450800 GCTaskThread "GC Thread#2" [stack: 0x0000003a78f00000,0x0000003a79000000] [id=7272]
  0x00000199f97ef000 GCTaskThread "GC Thread#3" [stack: 0x0000003a79100000,0x0000003a79200000] [id=8220]
  0x00000199f9f76000 GCTaskThread "GC Thread#4" [stack: 0x0000003a7a300000,0x0000003a7a400000] [id=5268]
  0x00000199f9f77000 GCTaskThread "GC Thread#5" [stack: 0x0000003a7a400000,0x0000003a7a500000] [id=3120]
  0x00000199f9f77800 GCTaskThread "GC Thread#6" [stack: 0x0000003a7a500000,0x0000003a7a600000] [id=12024]
  0x00000199f9f78000 GCTaskThread "GC Thread#7" [stack: 0x0000003a7a600000,0x0000003a7a700000] [id=14860]
  0x00000199dcf1b800 ConcurrentGCThread "G1 Main Marker" [stack: 0x0000003a77c00000,0x0000003a77d00000] [id=17352]
  0x00000199dcf1c800 ConcurrentGCThread "G1 Conc#0" [stack: 0x0000003a77d00000,0x0000003a77e00000] [id=2696]
  0x00000199f9818000 ConcurrentGCThread "G1 Conc#1" [stack: 0x0000003a79200000,0x0000003a79300000] [id=8052]
  0x00000199f76c2800 ConcurrentGCThread "G1 Refine#0" [stack: 0x0000003a77e00000,0x0000003a77f00000] [id=20044]
  0x00000199dcf9c800 ConcurrentGCThread "G1 Young RemSet Sampling" [stack: 0x0000003a77f00000,0x0000003a78000000] [id=11468]

Threads with active compile tasks:

VM state:at safepoint (shutting down)

VM Mutex/Monitor currently owned by a thread:  ([mutex/lock_event])
[0x00000199dcecf520] Threads_lock - owner thread: 0x00000199f787d800

Heap address: 0x0000000081a00000, size: 2022 MB, Compressed Oops mode: 32-bit
Narrow klass base: 0x0000000000000000, Narrow klass shift: 3
Compressed class space size: 1073741824 Address: 0x0000000100000000

Heap:
 garbage-first heap   total 131072K, used 42523K [0x0000000081a00000, 0x0000000100000000)
  region size 1024K, 28 young (28672K), 5 survivors (5120K)
 Metaspace       used 44533K, capacity 46149K, committed 46256K, reserved 1089536K
  class space    used 5373K, capacity 6056K, committed 6144K, reserved 1048576K
Heap Regions: E=young(eden), S=young(survivor), O=old, HS=humongous(starts), HC=humongous(continues), CS=collection set, F=free, A=archive, TAMS=top-at-mark-start (previous, next)
|   0|0x0000000081a00000, 0x0000000081b00000, 0x0000000081b00000|100%| O|  |TAMS 0x0000000081b00000, 0x0000000081a00000| Untracked 
|   1|0x0000000081b00000, 0x0000000081c00000, 0x0000000081c00000|100%| O|  |TAMS 0x0000000081c00000, 0x0000000081b00000| Untracked 
|   2|0x0000000081c00000, 0x0000000081d00000, 0x0000000081d00000|100%| O|  |TAMS 0x0000000081d00000, 0x0000000081c00000| Untracked 
|   3|0x0000000081d00000, 0x0000000081e00000, 0x0000000081e00000|100%| O|  |TAMS 0x0000000081e00000, 0x0000000081d00000| Untracked 
|   4|0x0000000081e00000, 0x0000000081f00000, 0x0000000081f00000|100%| O|  |TAMS 0x0000000081f00000, 0x0000000081e00000| Untracked 
|   5|0x0000000081f00000, 0x0000000082000000, 0x0000000082000000|100%| O|  |TAMS 0x0000000082000000, 0x0000000081f00000| Untracked 
|   6|0x0000000082000000, 0x0000000082100000, 0x0000000082100000|100%| O|  |TAMS 0x0000000082100000, 0x0000000082000000| Untracked 
|   7|0x0000000082100000, 0x0000000082200000, 0x0000000082200000|100%| O|  |TAMS 0x0000000082200000, 0x0000000082100000| Untracked 
|   8|0x0000000082200000, 0x0000000082300000, 0x0000000082300000|100%| O|  |TAMS 0x0000000082300000, 0x0000000082200000| Untracked 
|   9|0x0000000082300000, 0x0000000082393e00, 0x0000000082400000| 57%| O|  |TAMS 0x0000000082393e00, 0x0000000082300000| Untracked 
|  10|0x0000000082400000, 0x0000000082500000, 0x0000000082500000|100%|HS|  |TAMS 0x0000000082400000, 0x0000000082400000| Complete 
|  11|0x0000000082500000, 0x0000000082600000, 0x0000000082600000|100%|HS|  |TAMS 0x0000000082500000, 0x0000000082500000| Complete 
|  12|0x0000000082600000, 0x0000000082700000, 0x0000000082700000|100%|HC|  |TAMS 0x0000000082600000, 0x0000000082600000| Complete 
|  13|0x0000000082700000, 0x0000000082800000, 0x0000000082800000|100%|HS|  |TAMS 0x0000000082700000, 0x0000000082700000| Complete 
|  14|0x0000000082800000, 0x0000000082900000, 0x0000000082900000|100%|HC|  |TAMS 0x0000000082800000, 0x0000000082800000| Complete 
|  15|0x0000000082900000, 0x0000000082900000, 0x0000000082a00000|  0%| F|  |TAMS 0x0000000082900000, 0x0000000082900000| Untracked 
|  16|0x0000000082a00000, 0x0000000082a00000, 0x0000000082b00000|  0%| F|  |TAMS 0x0000000082a00000, 0x0000000082a00000| Untracked 
|  17|0x0000000082b00000, 0x0000000082b00000, 0x0000000082c00000|  0%| F|  |TAMS 0x0000000082b00000, 0x0000000082b00000| Untracked 
|  18|0x0000000082c00000, 0x0000000082c00000, 0x0000000082d00000|  0%| F|  |TAMS 0x0000000082c00000, 0x0000000082c00000| Untracked 
|  19|0x0000000082d00000, 0x0000000082d00000, 0x0000000082e00000|  0%| F|  |TAMS 0x0000000082d00000, 0x0000000082d00000| Untracked 
|  20|0x0000000082e00000, 0x0000000082e00000, 0x0000000082f00000|  0%| F|  |TAMS 0x0000000082e00000, 0x0000000082e00000| Untracked 
|  21|0x0000000082f00000, 0x0000000082f00000, 0x0000000083000000|  0%| F|  |TAMS 0x0000000082f00000, 0x0000000082f00000| Untracked 
|  22|0x0000000083000000, 0x0000000083000000, 0x0000000083100000|  0%| F|  |TAMS 0x0000000083000000, 0x0000000083000000| Untracked 
|  23|0x0000000083100000, 0x0000000083100000, 0x0000000083200000|  0%| F|  |TAMS 0x0000000083100000, 0x0000000083100000| Untracked 
|  24|0x0000000083200000, 0x0000000083200000, 0x0000000083300000|  0%| F|  |TAMS 0x0000000083200000, 0x0000000083200000| Untracked 
|  25|0x0000000083300000, 0x0000000083300000, 0x0000000083400000|  0%| F|  |TAMS 0x0000000083300000, 0x0000000083300000| Untracked 
|  26|0x0000000083400000, 0x0000000083400000, 0x0000000083500000|  0%| F|  |TAMS 0x0000000083400000, 0x0000000083400000| Untracked 
|  27|0x0000000083500000, 0x0000000083500000, 0x0000000083600000|  0%| F|  |TAMS 0x0000000083500000, 0x0000000083500000| Untracked 
|  28|0x0000000083600000, 0x0000000083600000, 0x0000000083700000|  0%| F|  |TAMS 0x0000000083600000, 0x0000000083600000| Untracked 
|  29|0x0000000083700000, 0x0000000083700000, 0x0000000083800000|  0%| F|  |TAMS 0x0000000083700000, 0x0000000083700000| Untracked 
|  30|0x0000000083800000, 0x0000000083800000, 0x0000000083900000|  0%| F|  |TAMS 0x0000000083800000, 0x0000000083800000| Untracked 
|  31|0x0000000083900000, 0x0000000083900000, 0x0000000083a00000|  0%| F|  |TAMS 0x0000000083900000, 0x0000000083900000| Untracked 
|  32|0x0000000083a00000, 0x0000000083a00000, 0x0000000083b00000|  0%| F|  |TAMS 0x0000000083a00000, 0x0000000083a00000| Untracked 
|  33|0x0000000083b00000, 0x0000000083b00000, 0x0000000083c00000|  0%| F|  |TAMS 0x0000000083b00000, 0x0000000083b00000| Untracked 
|  34|0x0000000083c00000, 0x0000000083c00000, 0x0000000083d00000|  0%| F|  |TAMS 0x0000000083c00000, 0x0000000083c00000| Untracked 
|  35|0x0000000083d00000, 0x0000000083d00000, 0x0000000083e00000|  0%| F|  |TAMS 0x0000000083d00000, 0x0000000083d00000| Untracked 
|  36|0x0000000083e00000, 0x0000000083e00000, 0x0000000083f00000|  0%| F|  |TAMS 0x0000000083e00000, 0x0000000083e00000| Untracked 
|  37|0x0000000083f00000, 0x0000000083f00000, 0x0000000084000000|  0%| F|  |TAMS 0x0000000083f00000, 0x0000000083f00000| Untracked 
|  38|0x0000000084000000, 0x0000000084000000, 0x0000000084100000|  0%| F|  |TAMS 0x0000000084000000, 0x0000000084000000| Untracked 
|  39|0x0000000084100000, 0x0000000084100000, 0x0000000084200000|  0%| F|  |TAMS 0x0000000084100000, 0x0000000084100000| Untracked 
|  40|0x0000000084200000, 0x0000000084200000, 0x0000000084300000|  0%| F|  |TAMS 0x0000000084200000, 0x0000000084200000| Untracked 
|  41|0x0000000084300000, 0x0000000084300000, 0x0000000084400000|  0%| F|  |TAMS 0x0000000084300000, 0x0000000084300000| Untracked 
|  42|0x0000000084400000, 0x0000000084400000, 0x0000000084500000|  0%| F|  |TAMS 0x0000000084400000, 0x0000000084400000| Untracked 
|  43|0x0000000084500000, 0x0000000084500000, 0x0000000084600000|  0%| F|  |TAMS 0x0000000084500000, 0x0000000084500000| Untracked 
|  44|0x0000000084600000, 0x0000000084600000, 0x0000000084700000|  0%| F|  |TAMS 0x0000000084600000, 0x0000000084600000| Untracked 
|  45|0x0000000084700000, 0x0000000084700000, 0x0000000084800000|  0%| F|  |TAMS 0x0000000084700000, 0x0000000084700000| Untracked 
|  46|0x0000000084800000, 0x0000000084800000, 0x0000000084900000|  0%| F|  |TAMS 0x0000000084800000, 0x0000000084800000| Untracked 
|  47|0x0000000084900000, 0x0000000084900000, 0x0000000084a00000|  0%| F|  |TAMS 0x0000000084900000, 0x0000000084900000| Untracked 
|  48|0x0000000084a00000, 0x0000000084a00000, 0x0000000084b00000|  0%| F|  |TAMS 0x0000000084a00000, 0x0000000084a00000| Untracked 
|  49|0x0000000084b00000, 0x0000000084b00000, 0x0000000084c00000|  0%| F|  |TAMS 0x0000000084b00000, 0x0000000084b00000| Untracked 
|  50|0x0000000084c00000, 0x0000000084c00000, 0x0000000084d00000|  0%| F|  |TAMS 0x0000000084c00000, 0x0000000084c00000| Untracked 
|  51|0x0000000084d00000, 0x0000000084d00000, 0x0000000084e00000|  0%| F|  |TAMS 0x0000000084d00000, 0x0000000084d00000| Untracked 
|  52|0x0000000084e00000, 0x0000000084ef2e98, 0x0000000084f00000| 94%| S|CS|TAMS 0x0000000084e00000, 0x0000000084e00000| Complete 
|  53|0x0000000084f00000, 0x0000000085000000, 0x0000000085000000|100%| S|CS|TAMS 0x0000000084f00000, 0x0000000084f00000| Complete 
|  54|0x0000000085000000, 0x0000000085100000, 0x0000000085100000|100%| S|CS|TAMS 0x0000000085000000, 0x0000000085000000| Complete 
|  55|0x0000000085100000, 0x0000000085200000, 0x0000000085200000|100%| S|CS|TAMS 0x0000000085100000, 0x0000000085100000| Complete 
|  56|0x0000000085200000, 0x0000000085300000, 0x0000000085300000|100%| S|CS|TAMS 0x0000000085200000, 0x0000000085200000| Complete 
|  57|0x0000000085300000, 0x0000000085300000, 0x0000000085400000|  0%| F|  |TAMS 0x0000000085300000, 0x0000000085300000| Untracked 
|  58|0x0000000085400000, 0x0000000085400000, 0x0000000085500000|  0%| F|  |TAMS 0x0000000085400000, 0x0000000085400000| Untracked 
|  59|0x0000000085500000, 0x0000000085500000, 0x0000000085600000|  0%| F|  |TAMS 0x0000000085500000, 0x0000000085500000| Untracked 
|  60|0x0000000085600000, 0x0000000085600000, 0x0000000085700000|  0%| F|  |TAMS 0x0000000085600000, 0x0000000085600000| Untracked 
|  61|0x0000000085700000, 0x0000000085700000, 0x0000000085800000|  0%| F|  |TAMS 0x0000000085700000, 0x0000000085700000| Untracked 
|  62|0x0000000085800000, 0x0000000085800000, 0x0000000085900000|  0%| F|  |TAMS 0x0000000085800000, 0x0000000085800000| Untracked 
|  63|0x0000000085900000, 0x0000000085900000, 0x0000000085a00000|  0%| F|  |TAMS 0x0000000085900000, 0x0000000085900000| Untracked 
|  64|0x0000000085a00000, 0x0000000085a00000, 0x0000000085b00000|  0%| F|  |TAMS 0x0000000085a00000, 0x0000000085a00000| Untracked 
|  65|0x0000000085b00000, 0x0000000085b00000, 0x0000000085c00000|  0%| F|  |TAMS 0x0000000085b00000, 0x0000000085b00000| Untracked 
|  66|0x0000000085c00000, 0x0000000085c00000, 0x0000000085d00000|  0%| F|  |TAMS 0x0000000085c00000, 0x0000000085c00000| Untracked 
|  67|0x0000000085d00000, 0x0000000085d00000, 0x0000000085e00000|  0%| F|  |TAMS 0x0000000085d00000, 0x0000000085d00000| Untracked 
|  68|0x0000000085e00000, 0x0000000085e00000, 0x0000000085f00000|  0%| F|  |TAMS 0x0000000085e00000, 0x0000000085e00000| Untracked 
|  69|0x0000000085f00000, 0x0000000085f00000, 0x0000000086000000|  0%| F|  |TAMS 0x0000000085f00000, 0x0000000085f00000| Untracked 
|  70|0x0000000086000000, 0x0000000086000000, 0x0000000086100000|  0%| F|  |TAMS 0x0000000086000000, 0x0000000086000000| Untracked 
|  71|0x0000000086100000, 0x0000000086100000, 0x0000000086200000|  0%| F|  |TAMS 0x0000000086100000, 0x0000000086100000| Untracked 
|  72|0x0000000086200000, 0x0000000086200000, 0x0000000086300000|  0%| F|  |TAMS 0x0000000086200000, 0x0000000086200000| Untracked 
|  73|0x0000000086300000, 0x0000000086300000, 0x0000000086400000|  0%| F|  |TAMS 0x0000000086300000, 0x0000000086300000| Untracked 
|  74|0x0000000086400000, 0x0000000086400000, 0x0000000086500000|  0%| F|  |TAMS 0x0000000086400000, 0x0000000086400000| Untracked 
|  75|0x0000000086500000, 0x0000000086500000, 0x0000000086600000|  0%| F|  |TAMS 0x0000000086500000, 0x0000000086500000| Untracked 
|  76|0x0000000086600000, 0x0000000086600000, 0x0000000086700000|  0%| F|  |TAMS 0x0000000086600000, 0x0000000086600000| Untracked 
|  77|0x0000000086700000, 0x0000000086700000, 0x0000000086800000|  0%| F|  |TAMS 0x0000000086700000, 0x0000000086700000| Untracked 
|  78|0x0000000086800000, 0x0000000086800000, 0x0000000086900000|  0%| F|  |TAMS 0x0000000086800000, 0x0000000086800000| Untracked 
|  79|0x0000000086900000, 0x0000000086900000, 0x0000000086a00000|  0%| F|  |TAMS 0x0000000086900000, 0x0000000086900000| Untracked 
|  80|0x0000000086a00000, 0x0000000086a00000, 0x0000000086b00000|  0%| F|  |TAMS 0x0000000086a00000, 0x0000000086a00000| Untracked 
|  81|0x0000000086b00000, 0x0000000086b00000, 0x0000000086c00000|  0%| F|  |TAMS 0x0000000086b00000, 0x0000000086b00000| Untracked 
|  82|0x0000000086c00000, 0x0000000086c00000, 0x0000000086d00000|  0%| F|  |TAMS 0x0000000086c00000, 0x0000000086c00000| Untracked 
|  83|0x0000000086d00000, 0x0000000086d00000, 0x0000000086e00000|  0%| F|  |TAMS 0x0000000086d00000, 0x0000000086d00000| Untracked 
|  84|0x0000000086e00000, 0x0000000086e00000, 0x0000000086f00000|  0%| F|  |TAMS 0x0000000086e00000, 0x0000000086e00000| Untracked 
|  85|0x0000000086f00000, 0x0000000086f00000, 0x0000000087000000|  0%| F|  |TAMS 0x0000000086f00000, 0x0000000086f00000| Untracked 
|  86|0x0000000087000000, 0x0000000087000000, 0x0000000087100000|  0%| F|  |TAMS 0x0000000087000000, 0x0000000087000000| Untracked 
|  87|0x0000000087100000, 0x0000000087100000, 0x0000000087200000|  0%| F|  |TAMS 0x0000000087100000, 0x0000000087100000| Untracked 
|  88|0x0000000087200000, 0x0000000087200000, 0x0000000087300000|  0%| F|  |TAMS 0x0000000087200000, 0x0000000087200000| Untracked 
|  89|0x0000000087300000, 0x0000000087300000, 0x0000000087400000|  0%| F|  |TAMS 0x0000000087300000, 0x0000000087300000| Untracked 
|  90|0x0000000087400000, 0x0000000087400000, 0x0000000087500000|  0%| F|  |TAMS 0x0000000087400000, 0x0000000087400000| Untracked 
|  91|0x0000000087500000, 0x0000000087500000, 0x0000000087600000|  0%| F|  |TAMS 0x0000000087500000, 0x0000000087500000| Untracked 
|  92|0x0000000087600000, 0x0000000087600000, 0x0000000087700000|  0%| F|  |TAMS 0x0000000087600000, 0x0000000087600000| Untracked 
|  93|0x0000000087700000, 0x0000000087700000, 0x0000000087800000|  0%| F|  |TAMS 0x0000000087700000, 0x0000000087700000| Untracked 
|  94|0x0000000087800000, 0x0000000087800000, 0x0000000087900000|  0%| F|  |TAMS 0x0000000087800000, 0x0000000087800000| Untracked 
|  95|0x0000000087900000, 0x0000000087900000, 0x0000000087a00000|  0%| F|  |TAMS 0x0000000087900000, 0x0000000087900000| Untracked 
|  96|0x0000000087a00000, 0x0000000087a00000, 0x0000000087b00000|  0%| F|  |TAMS 0x0000000087a00000, 0x0000000087a00000| Untracked 
|  97|0x0000000087b00000, 0x0000000087b00000, 0x0000000087c00000|  0%| F|  |TAMS 0x0000000087b00000, 0x0000000087b00000| Untracked 
|  98|0x0000000087c00000, 0x0000000087c00000, 0x0000000087d00000|  0%| F|  |TAMS 0x0000000087c00000, 0x0000000087c00000| Untracked 
|  99|0x0000000087d00000, 0x0000000087d00000, 0x0000000087e00000|  0%| F|  |TAMS 0x0000000087d00000, 0x0000000087d00000| Untracked 
| 100|0x0000000087e00000, 0x0000000087e00000, 0x0000000087f00000|  0%| F|  |TAMS 0x0000000087e00000, 0x0000000087e00000| Untracked 
| 101|0x0000000087f00000, 0x0000000087f00000, 0x0000000088000000|  0%| F|  |TAMS 0x0000000087f00000, 0x0000000087f00000| Untracked 
| 102|0x0000000088000000, 0x0000000088000000, 0x0000000088100000|  0%| F|  |TAMS 0x0000000088000000, 0x0000000088000000| Untracked 
| 103|0x0000000088100000, 0x0000000088100000, 0x0000000088200000|  0%| F|  |TAMS 0x0000000088100000, 0x0000000088100000| Untracked 
| 104|0x0000000088200000, 0x0000000088200000, 0x0000000088300000|  0%| F|  |TAMS 0x0000000088200000, 0x0000000088200000| Untracked 
| 105|0x0000000088300000, 0x000000008835b628, 0x0000000088400000| 35%| E|  |TAMS 0x0000000088300000, 0x0000000088300000| Complete 
| 106|0x0000000088400000, 0x0000000088500000, 0x0000000088500000|100%| E|CS|TAMS 0x0000000088400000, 0x0000000088400000| Complete 
| 107|0x0000000088500000, 0x0000000088600000, 0x0000000088600000|100%| E|CS|TAMS 0x0000000088500000, 0x0000000088500000| Complete 
| 108|0x0000000088600000, 0x0000000088700000, 0x0000000088700000|100%| E|CS|TAMS 0x0000000088600000, 0x0000000088600000| Complete 
| 109|0x0000000088700000, 0x0000000088800000, 0x0000000088800000|100%| E|CS|TAMS 0x0000000088700000, 0x0000000088700000| Complete 
| 110|0x0000000088800000, 0x0000000088900000, 0x0000000088900000|100%| E|CS|TAMS 0x0000000088800000, 0x0000000088800000| Complete 
| 111|0x0000000088900000, 0x0000000088a00000, 0x0000000088a00000|100%| E|CS|TAMS 0x0000000088900000, 0x0000000088900000| Complete 
| 112|0x0000000088a00000, 0x0000000088b00000, 0x0000000088b00000|100%| E|CS|TAMS 0x0000000088a00000, 0x0000000088a00000| Complete 
| 113|0x0000000088b00000, 0x0000000088c00000, 0x0000000088c00000|100%| E|CS|TAMS 0x0000000088b00000, 0x0000000088b00000| Complete 
| 114|0x0000000088c00000, 0x0000000088d00000, 0x0000000088d00000|100%| E|CS|TAMS 0x0000000088c00000, 0x0000000088c00000| Complete 
| 115|0x0000000088d00000, 0x0000000088e00000, 0x0000000088e00000|100%| E|CS|TAMS 0x0000000088d00000, 0x0000000088d00000| Complete 
| 116|0x0000000088e00000, 0x0000000088f00000, 0x0000000088f00000|100%| E|CS|TAMS 0x0000000088e00000, 0x0000000088e00000| Complete 
| 117|0x0000000088f00000, 0x0000000089000000, 0x0000000089000000|100%| E|CS|TAMS 0x0000000088f00000, 0x0000000088f00000| Complete 
| 118|0x0000000089000000, 0x0000000089100000, 0x0000000089100000|100%| E|CS|TAMS 0x0000000089000000, 0x0000000089000000| Complete 
| 119|0x0000000089100000, 0x0000000089200000, 0x0000000089200000|100%| E|CS|TAMS 0x0000000089100000, 0x0000000089100000| Complete 
| 120|0x0000000089200000, 0x0000000089300000, 0x0000000089300000|100%| E|CS|TAMS 0x0000000089200000, 0x0000000089200000| Complete 
| 121|0x0000000089300000, 0x0000000089400000, 0x0000000089400000|100%| E|CS|TAMS 0x0000000089300000, 0x0000000089300000| Complete 
| 122|0x0000000089400000, 0x0000000089500000, 0x0000000089500000|100%| E|CS|TAMS 0x0000000089400000, 0x0000000089400000| Complete 
| 123|0x0000000089500000, 0x0000000089600000, 0x0000000089600000|100%| E|CS|TAMS 0x0000000089500000, 0x0000000089500000| Complete 
| 124|0x0000000089600000, 0x0000000089700000, 0x0000000089700000|100%| E|CS|TAMS 0x0000000089600000, 0x0000000089600000| Complete 
| 125|0x0000000089700000, 0x0000000089800000, 0x0000000089800000|100%| E|CS|TAMS 0x0000000089700000, 0x0000000089700000| Complete 
| 126|0x0000000089800000, 0x0000000089900000, 0x0000000089900000|100%| E|CS|TAMS 0x0000000089800000, 0x0000000089800000| Complete 
| 127|0x0000000089900000, 0x0000000089a00000, 0x0000000089a00000|100%| E|CS|TAMS 0x0000000089900000, 0x0000000089900000| Complete 

Card table byte_map: [0x00000199f06e0000,0x00000199f0ae0000] _byte_map_base: 0x00000199f02d3000

Marking Bits (Prev, Next): (CMBitMap*) 0x00000199dcf109f8, (CMBitMap*) 0x00000199dcf10a30
 Prev Bits: [0x00000199f0ee0000, 0x00000199f2e78000)
 Next Bits: [0x00000199f2e80000, 0x00000199f4e18000)

Polling page: 0x00000199dad80000

Metaspace:

Usage:
  Non-class:     39.15 MB capacity,    38.24 MB ( 98%) used,   752.17 KB (  2%) free+waste,   180.44 KB ( <1%) overhead. 
      Class:      5.91 MB capacity,     5.25 MB ( 89%) used,   592.40 KB ( 10%) free+waste,    90.19 KB (  1%) overhead. 
       Both:     45.07 MB capacity,    43.49 MB ( 97%) used,     1.31 MB (  3%) free+waste,   270.63 KB ( <1%) overhead. 

Virtual space:
  Non-class space:       40.00 MB reserved,      39.17 MB ( 98%) committed 
      Class space:        1.00 GB reserved,       6.00 MB ( <1%) committed 
             Both:        1.04 GB reserved,      45.17 MB (  4%) committed 

Chunk freelists:
   Non-Class:  19.00 KB
       Class:  24.00 KB
        Both:  43.00 KB

MaxMetaspaceSize: 17179869184.00 GB
CompressedClassSpaceSize: 1.00 GB

CodeHeap 'non-profiled nmethods': size=238336Kb used=6946Kb max_used=6946Kb free=231390Kb
 bounds [0x00000199e16e0000, 0x00000199e1db0000, 0x00000199effa0000]
CodeHeap 'non-nmethods': size=7424Kb used=1404Kb max_used=1404Kb free=6019Kb
 bounds [0x00000199e0fa0000, 0x00000199e1210000, 0x00000199e16e0000]
 total_blobs=4927 nmethods=3908 adapters=681
 compilation: enabled
              stopped_count=0, restarted_count=0
 full_count=0

Compilation events (20 events):
Event: 24.884 Thread 0x00000199f789e000 3898       1       org.apache.catalina.LifecycleEvent::getType (5 bytes)
Event: 24.884 Thread 0x00000199f789e000 nmethod 3898 0x00000199e1da4210 code [0x00000199e1da43c0, 0x00000199e1da44d8]
Event: 24.884 Thread 0x00000199f789e000 3899       1       org.apache.catalina.util.LifecycleBase::fireLifecycleEvent (56 bytes)
Event: 24.884 Thread 0x00000199f789e000 nmethod 3899 0x00000199e1da4590 code [0x00000199e1da4780, 0x00000199e1da4b60]
Event: 24.884 Thread 0x00000199f789e000 3900       1       org.apache.catalina.LifecycleEvent::<init> (16 bytes)
Event: 24.884 Thread 0x00000199f789e000 nmethod 3900 0x00000199e1da4d10 code [0x00000199e1da4ee0, 0x00000199e1da51f0]
Event: 24.884 Thread 0x00000199f789e000 3901  s    1       org.apache.catalina.util.LifecycleBase::setStateInternal (144 bytes)
Event: 24.885 Thread 0x00000199f789e000 nmethod 3901 0x00000199e1da5310 code [0x00000199e1da5540, 0x00000199e1da5d30]
Event: 24.885 Thread 0x00000199f789e000 3902   !   1       java.util.concurrent.ConcurrentHashMap::clear (176 bytes)
Event: 24.886 Thread 0x00000199f789e000 nmethod 3902 0x00000199e1da6310 code [0x00000199e1da6520, 0x00000199e1da6d40]
Event: 24.886 Thread 0x00000199f789e000 3903       1       java.util.HashMap::clear (50 bytes)
Event: 24.886 Thread 0x00000199f789e000 nmethod 3903 0x00000199e1da7190 code [0x00000199e1da7340, 0x00000199e1da74d8]
Event: 24.886 Thread 0x00000199f789e000 3905       1       ch.qos.logback.classic.Logger::recursiveReset (58 bytes)
Event: 24.886 Thread 0x00000199f789e000 nmethod 3905 0x00000199e1da7590 code [0x00000199e1da77a0, 0x00000199e1da7ad0]
Event: 24.886 Thread 0x00000199f789e000 3906       1       ch.qos.logback.classic.Logger::detachAndStopAllAppenders (15 bytes)
Event: 24.886 Thread 0x00000199f789e000 nmethod 3906 0x00000199e1da7c90 code [0x00000199e1da7e40, 0x00000199e1da7f90]
Event: 24.886 Thread 0x00000199f789e000 3907       1       ch.qos.logback.classic.Logger::localLevelReset (30 bytes)
Event: 24.886 Thread 0x00000199f789e000 nmethod 3907 0x00000199e1da8090 code [0x00000199e1da8240, 0x00000199e1da8418]
Event: 24.886 Thread 0x00000199f789e000 3908       1       ch.qos.logback.classic.Logger::isRootLogger (13 bytes)
Event: 24.886 Thread 0x00000199f789e000 nmethod 3908 0x00000199e1da8490 code [0x00000199e1da8640, 0x00000199e1da8778]

GC Heap History (16 events):
Event: 3.010 GC heap before
{Heap before GC invocations=0 (full 0):
 garbage-first heap   total 131072K, used 23552K [0x0000000081a00000, 0x0000000100000000)
  region size 1024K, 24 young (24576K), 0 survivors (0K)
 Metaspace       used 13690K, capacity 14006K, committed 14080K, reserved 1062912K
  class space    used 1417K, capacity 1520K, committed 1536K, reserved 1048576K
}
Event: 3.017 GC heap after
{Heap after GC invocations=1 (full 0):
 garbage-first heap   total 131072K, used 6056K [0x0000000081a00000, 0x0000000100000000)
  region size 1024K, 3 young (3072K), 3 survivors (3072K)
 Metaspace       used 13690K, capacity 14006K, committed 14080K, reserved 1062912K
  class space    used 1417K, capacity 1520K, committed 1536K, reserved 1048576K
}
Event: 3.394 GC heap before
{Heap before GC invocations=1 (full 0):
 garbage-first heap   total 131072K, used 25512K [0x0000000081a00000, 0x0000000100000000)
  region size 1024K, 22 young (22528K), 3 survivors (3072K)
 Metaspace       used 17863K, capacity 18461K, committed 18688K, reserved 1064960K
  class space    used 1975K, capacity 2187K, committed 2304K, reserved 1048576K
}
Event: 3.399 GC heap after
{Heap after GC invocations=2 (full 0):
 garbage-first heap   total 131072K, used 7750K [0x0000000081a00000, 0x0000000100000000)
  region size 1024K, 2 young (2048K), 2 survivors (2048K)
 Metaspace       used 17863K, capacity 18461K, committed 18688K, reserved 1064960K
  class space    used 1975K, capacity 2187K, committed 2304K, reserved 1048576K
}
Event: 3.649 GC heap before
{Heap before GC invocations=2 (full 0):
 garbage-first heap   total 131072K, used 22086K [0x0000000081a00000, 0x0000000100000000)
  region size 1024K, 18 young (18432K), 2 survivors (2048K)
 Metaspace       used 20478K, capacity 21112K, committed 21296K, reserved 1069056K
  class space    used 2344K, capacity 2586K, committed 2688K, reserved 1048576K
}
Event: 3.653 GC heap after
{Heap after GC invocations=3 (full 0):
 garbage-first heap   total 131072K, used 8400K [0x0000000081a00000, 0x0000000100000000)
  region size 1024K, 3 young (3072K), 3 survivors (3072K)
 Metaspace       used 20478K, capacity 21112K, committed 21296K, reserved 1069056K
  class space    used 2344K, capacity 2586K, committed 2688K, reserved 1048576K
}
Event: 4.507 GC heap before
{Heap before GC invocations=4 (full 0):
 garbage-first heap   total 131072K, used 62672K [0x0000000081a00000, 0x0000000100000000)
  region size 1024K, 57 young (58368K), 3 survivors (3072K)
 Metaspace       used 27042K, capacity 28017K, committed 28208K, reserved 1073152K
  class space    used 3244K, capacity 3618K, committed 3712K, reserved 1048576K
}
Event: 4.514 GC heap after
{Heap after GC invocations=5 (full 0):
 garbage-first heap   total 131072K, used 10607K [0x0000000081a00000, 0x0000000100000000)
  region size 1024K, 5 young (5120K), 5 survivors (5120K)
 Metaspace       used 27042K, capacity 28017K, committed 28208K, reserved 1073152K
  class space    used 3244K, capacity 3618K, committed 3712K, reserved 1048576K
}
Event: 5.975 GC heap before
{Heap before GC invocations=5 (full 0):
 garbage-first heap   total 131072K, used 83311K [0x0000000081a00000, 0x0000000100000000)
  region size 1024K, 76 young (77824K), 5 survivors (5120K)
 Metaspace       used 34329K, capacity 35703K, committed 35888K, reserved 1081344K
  class space    used 4191K, capacity 4724K, committed 4736K, reserved 1048576K
}
Event: 5.983 GC heap after
{Heap after GC invocations=6 (full 0):
 garbage-first heap   total 131072K, used 14694K [0x0000000081a00000, 0x0000000100000000)
  region size 1024K, 9 young (9216K), 9 survivors (9216K)
 Metaspace       used 34329K, capacity 35703K, committed 35888K, reserved 1081344K
  class space    used 4191K, capacity 4724K, committed 4736K, reserved 1048576K
}
Event: 6.028 GC heap before
{Heap before GC invocations=6 (full 0):
 garbage-first heap   total 131072K, used 15718K [0x0000000081a00000, 0x0000000100000000)
  region size 1024K, 11 young (11264K), 9 survivors (9216K)
 Metaspace       used 34517K, capacity 35848K, committed 35888K, reserved 1081344K
  class space    used 4209K, capacity 4730K, committed 4736K, reserved 1048576K
}
Event: 6.039 GC heap after
{Heap after GC invocations=7 (full 0):
 garbage-first heap   total 131072K, used 14076K [0x0000000081a00000, 0x0000000100000000)
  region size 1024K, 5 young (5120K), 5 survivors (5120K)
 Metaspace       used 34517K, capacity 35848K, committed 35888K, reserved 1081344K
  class space    used 4209K, capacity 4730K, committed 4736K, reserved 1048576K
}
Event: 7.797 GC heap before
{Heap before GC invocations=8 (full 0):
 garbage-first heap   total 131072K, used 86780K [0x0000000081a00000, 0x0000000100000000)
  region size 1024K, 76 young (77824K), 5 survivors (5120K)
 Metaspace       used 37536K, capacity 38899K, committed 39088K, reserved 1083392K
  class space    used 4524K, capacity 5038K, committed 5120K, reserved 1048576K
}
Event: 7.801 GC heap after
{Heap after GC invocations=9 (full 0):
 garbage-first heap   total 131072K, used 14570K [0x0000000081a00000, 0x0000000100000000)
  region size 1024K, 5 young (5120K), 5 survivors (5120K)
 Metaspace       used 37536K, capacity 38899K, committed 39088K, reserved 1083392K
  class space    used 4524K, capacity 5038K, committed 5120K, reserved 1048576K
}
Event: 11.257 GC heap before
{Heap before GC invocations=9 (full 0):
 garbage-first heap   total 131072K, used 87274K [0x0000000081a00000, 0x0000000100000000)
  region size 1024K, 76 young (77824K), 5 survivors (5120K)
 Metaspace       used 38951K, capacity 40307K, committed 40496K, reserved 1085440K
  class space    used 4708K, capacity 5230K, committed 5248K, reserved 1048576K
}
Event: 11.262 GC heap after
{Heap after GC invocations=10 (full 0):
 garbage-first heap   total 131072K, used 14875K [0x0000000081a00000, 0x0000000100000000)
  region size 1024K, 5 young (5120K), 5 survivors (5120K)
 Metaspace       used 38951K, capacity 40307K, committed 40496K, reserved 1085440K
  class space    used 4708K, capacity 5230K, committed 5248K, reserved 1048576K
}

Deoptimization events (20 events):
Event: 11.684 Thread 0x00000199dced1800 DEOPT PACKING pc=0x00000199e1d3476c sp=0x0000003a77afe7b0
Event: 11.684 Thread 0x00000199dced1800 DEOPT UNPACKING pc=0x00000199e0fdd44e sp=0x0000003a77afdf28 mode 1
Event: 11.689 Thread 0x00000199dced1800 DEOPT PACKING pc=0x00000199e1cf763c sp=0x0000003a77afe6c0
Event: 11.689 Thread 0x00000199dced1800 DEOPT UNPACKING pc=0x00000199e0fdd44e sp=0x0000003a77afdbf8 mode 1
Event: 11.689 Thread 0x00000199dced1800 DEOPT PACKING pc=0x00000199e1d325ec sp=0x0000003a77afe7b0
Event: 11.689 Thread 0x00000199dced1800 DEOPT UNPACKING pc=0x00000199e0fdd44e sp=0x0000003a77afdf80 mode 1
Event: 11.689 Thread 0x00000199dced1800 DEOPT PACKING pc=0x00000199e1cf763c sp=0x0000003a77afe270
Event: 11.689 Thread 0x00000199dced1800 DEOPT UNPACKING pc=0x00000199e0fdd44e sp=0x0000003a77afd7a8 mode 1
Event: 11.689 Thread 0x00000199dced1800 DEOPT PACKING pc=0x00000199e1d53d3c sp=0x0000003a77afe360
Event: 11.689 Thread 0x00000199dced1800 DEOPT UNPACKING pc=0x00000199e0fdd44e sp=0x0000003a77afde58 mode 1
Event: 16.840 Thread 0x00000199dced1800 DEOPT PACKING pc=0x00000199e18797f4 sp=0x0000003a77afa0a0
Event: 16.840 Thread 0x00000199dced1800 DEOPT UNPACKING pc=0x00000199e0fdd44e sp=0x0000003a77af9590 mode 1
Event: 16.904 Thread 0x00000199dced1800 DEOPT PACKING pc=0x00000199e1ccde9c sp=0x0000003a77afd780
Event: 16.904 Thread 0x00000199dced1800 DEOPT UNPACKING pc=0x00000199e0fdd44e sp=0x0000003a77afcca8 mode 1
Event: 16.963 Thread 0x00000199dced1800 DEOPT PACKING pc=0x00000199e18797f4 sp=0x0000003a77afcb80
Event: 16.963 Thread 0x00000199dced1800 DEOPT UNPACKING pc=0x00000199e0fdd44e sp=0x0000003a77afc070 mode 1
Event: 16.964 Thread 0x00000199dced1800 DEOPT PACKING pc=0x00000199e18797f4 sp=0x0000003a77afcb80
Event: 16.964 Thread 0x00000199dced1800 DEOPT UNPACKING pc=0x00000199e0fdd44e sp=0x0000003a77afc070 mode 1
Event: 17.086 Thread 0x00000199f9f5f800 DEOPT PACKING pc=0x00000199e1ccde9c sp=0x0000003a7b4fb8e0
Event: 17.087 Thread 0x00000199f9f5f800 DEOPT UNPACKING pc=0x00000199e0fdd44e sp=0x0000003a7b4fae08 mode 1

Classes redefined (0 events):
No events

Internal exceptions (20 events):
Event: 5.837 Thread 0x00000199dced1800 Exception <a 'java/lang/NoSuchMethodError'{0x00000000855c6fe8}: 'int java.lang.invoke.DirectMethodHandle$Holder.invokeStaticInit(java.lang.Object, java.lang.Object, java.lang.Object, java.lang.Object)'> (0x00000000855c6fe8) thrown at [c:/BuildAgent/work/5
Event: 5.915 Thread 0x00000199f9987000 Exception <a 'java/lang/reflect/InvocationTargetException'{0x0000000088da4198}> (0x0000000088da4198) thrown at [c:/BuildAgent/work/5ff2f6c26000d570/src/hotspot/share/runtime/reflection.cpp, line 1247]
Event: 5.939 Thread 0x00000199dced1800 Exception <a 'java/lang/NoSuchMethodError'{0x000000008528ec98}: 'java.lang.Object java.lang.invoke.DirectMethodHandle$Holder.invokeSpecial(java.lang.Object, java.lang.Object, int, java.lang.Object, int, java.lang.Object)'> (0x000000008528ec98) thrown at [
Event: 5.939 Thread 0x00000199dced1800 Exception <a 'java/lang/NoSuchMethodError'{0x0000000085296180}: 'java.lang.Object java.lang.invoke.DirectMethodHandle$Holder.invokeStatic(java.lang.Object, java.lang.Object, int, java.lang.Object, int)'> (0x0000000085296180) thrown at [c:/BuildAgent/work/
Event: 5.939 Thread 0x00000199dced1800 Exception <a 'java/lang/NoSuchMethodError'{0x0000000085299960}: 'java.lang.Object java.lang.invoke.DirectMethodHandle$Holder.invokeSpecial(java.lang.Object, java.lang.Object, java.lang.Object, int, java.lang.Object, int)'> (0x0000000085299960) thrown at [
Event: 5.940 Thread 0x00000199dced1800 Exception <a 'java/lang/NoSuchMethodError'{0x00000000852a2e30}: 'void java.lang.invoke.DirectMethodHandle$Holder.invokeVirtual(java.lang.Object, java.lang.Object)'> (0x00000000852a2e30) thrown at [c:/BuildAgent/work/5ff2f6c26000d570/src/hotspot/share/inte
Event: 16.840 Thread 0x00000199dced1800 Exception <a 'java/lang/ClassNotFoundException'{0x0000000088feb2e8}: sun/awt/resources/spi/awtProvider> (0x0000000088feb2e8) thrown at [c:/BuildAgent/work/5ff2f6c26000d570/src/hotspot/share/classfile/systemDictionary.cpp, line 231]
Event: 16.849 Thread 0x00000199dced1800 Exception <a 'java/io/FileNotFoundException'{0x0000000088e39198}> (0x0000000088e39198) thrown at [c:/BuildAgent/work/5ff2f6c26000d570/src/hotspot/share/prims/jni.cpp, line 615]
Event: 16.850 Thread 0x00000199dced1800 Exception <a 'java/io/FileNotFoundException'{0x0000000088e3ce90}> (0x0000000088e3ce90) thrown at [c:/BuildAgent/work/5ff2f6c26000d570/src/hotspot/share/prims/jni.cpp, line 615]
Event: 16.893 Thread 0x00000199dced1800 Exception <a 'java/lang/NoSuchMethodError'{0x0000000088d45490}: 'java.lang.Object java.lang.invoke.DirectMethodHandle$Holder.invokeStatic(java.lang.Object, java.lang.Object, java.lang.Object, java.lang.Object, java.lang.Object, java.lang.Object, java.lang
Event: 16.894 Thread 0x00000199dced1800 Exception <a 'java/lang/NoSuchMethodError'{0x0000000088d60238}: 'java.lang.Object java.lang.invoke.DirectMethodHandle$Holder.invokeStatic(java.lang.Object, java.lang.Object, java.lang.Object, java.lang.Object, java.lang.Object, java.lang.Object, java.lang
Event: 16.949 Thread 0x00000199dced1800 Exception <a 'java/lang/NoSuchMethodError'{0x0000000088b4d328}: 'java.lang.Object java.lang.invoke.DirectMethodHandle$Holder.invokeStatic(java.lang.Object, int, java.lang.Object, java.lang.Object, java.lang.Object, java.lang.Object)'> (0x0000000088b4d328)
Event: 16.949 Thread 0x00000199dced1800 Exception <a 'java/lang/NoSuchMethodError'{0x0000000088b541e8}: 'java.lang.Object java.lang.invoke.DirectMethodHandle$Holder.invokeStatic(java.lang.Object, int, java.lang.Object, java.lang.Object, java.lang.Object)'> (0x0000000088b541e8) thrown at [c:/Bui
Event: 16.950 Thread 0x00000199dced1800 Exception <a 'java/lang/NoSuchMethodError'{0x0000000088b57c30}: 'java.lang.Object java.lang.invoke.DirectMethodHandle$Holder.invokeSpecial(java.lang.Object, java.lang.Object, int, java.lang.Object, java.lang.Object, java.lang.Object)'> (0x0000000088b57c30
Event: 16.963 Thread 0x00000199dced1800 Exception <a 'java/lang/ClassNotFoundException'{0x0000000088a24710}: com/sun/swing/internal/plaf/metal/resources/spi/metalProvider> (0x0000000088a24710) thrown at [c:/BuildAgent/work/5ff2f6c26000d570/src/hotspot/share/classfile/systemDictionary.cpp, line 
Event: 16.964 Thread 0x00000199dced1800 Exception <a 'java/lang/ClassNotFoundException'{0x0000000088a2dcf0}: com/sun/swing/internal/plaf/basic/resources/spi/basicProvider> (0x0000000088a2dcf0) thrown at [c:/BuildAgent/work/5ff2f6c26000d570/src/hotspot/share/classfile/systemDictionary.cpp, line 
Event: 17.015 Thread 0x00000199f9f5f800 Exception <a 'java/lang/NoSuchMethodError'{0x000000008897f008}: 'void java.lang.invoke.DirectMethodHandle$Holder.invokeStaticInit(java.lang.Object)'> (0x000000008897f008) thrown at [c:/BuildAgent/work/5ff2f6c26000d570/src/hotspot/share/interpreter/linkRes
Event: 17.050 Thread 0x00000199f9f5f800 Exception <a 'java/lang/NoSuchMethodError'{0x00000000888dda90}: 'java.lang.Object java.lang.invoke.Invokers$Holder.linkToTargetMethod(java.lang.Object, int, java.lang.Object)'> (0x00000000888dda90) thrown at [c:/BuildAgent/work/5ff2f6c26000d570/src/hotspo
Event: 24.883 Thread 0x00000199f9e23000 Exception <a 'java/lang/InterruptedException'{0x0000000088300840}: sleep interrupted> (0x0000000088300840) thrown at [c:/BuildAgent/work/5ff2f6c26000d570/src/hotspot/share/prims/jvm.cpp, line 3107]
Event: 24.885 Thread 0x00000199f9f65000 Exception <a 'java/lang/NoSuchMethodError'{0x00000000885b4a18}: 'void java.lang.invoke.DirectMethodHandle$Holder.invokeInterface(java.lang.Object, java.lang.Object)'> (0x00000000885b4a18) thrown at [c:/BuildAgent/work/5ff2f6c26000d570/src/hotspot/share/in

Events (20 events):
Event: 24.884 Thread 0x00000199f9e21800 Thread exited: 0x00000199f9e21800
Event: 24.884 Executing VM operation: RevokeBias done
Event: 24.884 Executing VM operation: RevokeBias
Event: 24.884 Executing VM operation: RevokeBias done
Event: 24.884 Executing VM operation: RevokeBias
Event: 24.884 Executing VM operation: RevokeBias done
Event: 24.884 loading class org/springframework/jmx/export/NotificationListenerBean
Event: 24.884 loading class org/springframework/jmx/export/NotificationListenerBean done
Event: 24.885 loading class org/springframework/jmx/export/NotificationListenerBean
Event: 24.885 loading class org/springframework/jmx/export/NotificationListenerBean done
Event: 24.885 loading class org/springframework/jmx/export/MBeanExporter
Event: 24.885 loading class org/springframework/jmx/export/MBeanExporter done
Event: 24.885 loading class org/springframework/boot/SpringApplicationShutdownHook
Event: 24.885 loading class org/springframework/boot/SpringApplicationShutdownHook done
Event: 24.886 Executing VM operation: RevokeBias
Event: 24.886 Executing VM operation: RevokeBias done
Event: 24.886 Executing VM operation: RevokeBias
Event: 24.886 Executing VM operation: RevokeBias done
Event: 24.886 Thread 0x00000199f9f65000 Thread exited: 0x00000199f9f65000
Event: 24.887 Executing VM operation: Exit


Dynamic libraries:
0x00007ff6609c0000 - 0x00007ff6609ca000 	C:\Users\admin\AppData\Local\JetBrains\Toolbox\apps\IDEA-U\ch-0\193.7288.26\jbr\bin\java.exe
0x00007ff978530000 - 0x00007ff978726000 	C:\WINDOWS\SYSTEM32\ntdll.dll
0x00007ff977010000 - 0x00007ff9770cd000 	C:\WINDOWS\System32\KERNEL32.DLL
0x00007ff975ca0000 - 0x00007ff975f69000 	C:\WINDOWS\System32\KERNELBASE.dll
0x00007ff976180000 - 0x00007ff976280000 	C:\WINDOWS\System32\ucrtbase.dll
0x00007ff96f3f0000 - 0x00007ff96f409000 	C:\Users\admin\AppData\Local\JetBrains\Toolbox\apps\IDEA-U\ch-0\193.7288.26\jbr\bin\jli.dll
0x00007ff963c70000 - 0x00007ff963c87000 	C:\Users\admin\AppData\Local\JetBrains\Toolbox\apps\IDEA-U\ch-0\193.7288.26\jbr\bin\VCRUNTIME140.dll
0x00007ff978350000 - 0x00007ff9784f0000 	C:\WINDOWS\System32\USER32.dll
0x00007ff9763d0000 - 0x00007ff9763f2000 	C:\WINDOWS\System32\win32u.dll
0x00007ff977280000 - 0x00007ff9772aa000 	C:\WINDOWS\System32\GDI32.dll
0x00007ff976400000 - 0x00007ff97650b000 	C:\WINDOWS\System32\gdi32full.dll
0x00007ff962290000 - 0x00007ff96252b000 	C:\WINDOWS\WinSxS\amd64_microsoft.windows.common-controls_6595b64144ccf1df_6.0.19041.746_none_ca02b4b61b8320a4\COMCTL32.dll
0x00007ff976330000 - 0x00007ff9763cd000 	C:\WINDOWS\System32\msvcp_win.dll
0x00007ff976840000 - 0x00007ff9768de000 	C:\WINDOWS\System32\msvcrt.dll
0x00007ff9773c0000 - 0x00007ff9773f0000 	C:\WINDOWS\System32\IMM32.DLL
0x00007ff951600000 - 0x00007ff95169d000 	C:\Users\admin\AppData\Local\JetBrains\Toolbox\apps\IDEA-U\ch-0\193.7288.26\jbr\bin\msvcp140.dll
0x00007ff91bef0000 - 0x00007ff91c9ad000 	C:\Users\admin\AppData\Local\JetBrains\Toolbox\apps\IDEA-U\ch-0\193.7288.26\jbr\bin\server\jvm.dll
0x00007ff978180000 - 0x00007ff97822c000 	C:\WINDOWS\System32\ADVAPI32.dll
0x00007ff977320000 - 0x00007ff9773bc000 	C:\WINDOWS\System32\sechost.dll
0x00007ff976710000 - 0x00007ff97683b000 	C:\WINDOWS\System32\RPCRT4.dll
0x00007ff976590000 - 0x00007ff976598000 	C:\WINDOWS\System32\PSAPI.DLL
0x00007ff975810000 - 0x00007ff97581a000 	C:\WINDOWS\SYSTEM32\VERSION.dll
0x00007ff959530000 - 0x00007ff959539000 	C:\WINDOWS\SYSTEM32\WSOCK32.dll
0x00007ff95c8b0000 - 0x00007ff95c8d7000 	C:\WINDOWS\SYSTEM32\WINMM.dll
0x00007ff9773f0000 - 0x00007ff97745b000 	C:\WINDOWS\System32\WS2_32.dll
0x00007ff974490000 - 0x00007ff9744a2000 	C:\WINDOWS\SYSTEM32\kernel.appcore.dll
0x00007ff96f9e0000 - 0x00007ff96f9f1000 	C:\Users\admin\AppData\Local\JetBrains\Toolbox\apps\IDEA-U\ch-0\193.7288.26\jbr\bin\verify.dll
0x00007ff973a20000 - 0x00007ff973c04000 	C:\WINDOWS\SYSTEM32\DBGHELP.DLL
0x00007ff96f430000 - 0x00007ff96f45c000 	C:\WINDOWS\SYSTEM32\dbgcore.DLL
0x00007ff976510000 - 0x00007ff976590000 	C:\WINDOWS\System32\bcryptPrimitives.dll
0x00007ff95faf0000 - 0x00007ff95fb19000 	C:\Users\admin\AppData\Local\JetBrains\Toolbox\apps\IDEA-U\ch-0\193.7288.26\jbr\bin\java.dll
0x00007ff95ec00000 - 0x00007ff95ec38000 	C:\Users\admin\AppData\Local\JetBrains\Toolbox\apps\IDEA-U\ch-0\193.7288.26\jbr\bin\jdwp.dll
0x00007ff96f540000 - 0x00007ff96f54f000 	C:\Users\admin\AppData\Local\JetBrains\Toolbox\apps\IDEA-U\ch-0\193.7288.26\jbr\bin\instrument.dll
0x00007ff96f140000 - 0x00007ff96f158000 	C:\Users\admin\AppData\Local\JetBrains\Toolbox\apps\IDEA-U\ch-0\193.7288.26\jbr\bin\zip.dll
0x00007ff96ecc0000 - 0x00007ff96eccb000 	C:\Users\admin\AppData\Local\JetBrains\Toolbox\apps\IDEA-U\ch-0\193.7288.26\jbr\bin\jimage.dll
0x00007ff9777d0000 - 0x00007ff977f12000 	C:\WINDOWS\System32\SHELL32.dll
0x00007ff973c10000 - 0x00007ff9743a0000 	C:\WINDOWS\SYSTEM32\windows.storage.dll
0x00007ff977470000 - 0x00007ff9777c6000 	C:\WINDOWS\System32\combase.dll
0x00007ff975590000 - 0x00007ff9755bc000 	C:\WINDOWS\SYSTEM32\Wldp.dll
0x00007ff976660000 - 0x00007ff97670e000 	C:\WINDOWS\System32\SHCORE.dll
0x00007ff977f20000 - 0x00007ff977f75000 	C:\WINDOWS\System32\shlwapi.dll
0x00007ff975ba0000 - 0x00007ff975bc6000 	C:\WINDOWS\SYSTEM32\profapi.dll
0x00007ff96f390000 - 0x00007ff96f39b000 	C:\Users\admin\AppData\Local\JetBrains\Toolbox\apps\IDEA-U\ch-0\193.7288.26\jbr\bin\dt_socket.dll
0x00007ff975380000 - 0x00007ff9753ea000 	C:\WINDOWS\system32\mswsock.dll
0x00007ff95fad0000 - 0x00007ff95faea000 	C:\Users\admin\AppData\Local\JetBrains\Toolbox\apps\IDEA-U\ch-0\193.7288.26\jbr\bin\net.dll
0x00007ff96c240000 - 0x00007ff96c340000 	C:\WINDOWS\SYSTEM32\WINHTTP.dll
0x00007ff95fab0000 - 0x00007ff95fac4000 	C:\Users\admin\AppData\Local\JetBrains\Toolbox\apps\IDEA-U\ch-0\193.7288.26\jbr\bin\nio.dll
0x00007ff963000000 - 0x00007ff96304b000 	C:\Program Files (x86)\Sangfor\SSL\ClientComponent\SangforNspX64.dll
0x00007ff978050000 - 0x00007ff97817a000 	C:\WINDOWS\System32\ole32.dll
0x00007ff977f80000 - 0x00007ff97804d000 	C:\WINDOWS\System32\OLEAUT32.dll
0x00007ff975080000 - 0x00007ff97514b000 	C:\WINDOWS\SYSTEM32\DNSAPI.dll
0x00007ff975040000 - 0x00007ff97507b000 	C:\WINDOWS\SYSTEM32\IPHLPAPI.DLL
0x00007ff977460000 - 0x00007ff977468000 	C:\WINDOWS\System32\NSI.dll
0x00007ff96c6e0000 - 0x00007ff96c6ea000 	C:\Windows\System32\rasadhlp.dll
0x00007ff96bf40000 - 0x00007ff96bfbf000 	C:\WINDOWS\System32\fwpuclnt.dll
0x00007ff975c70000 - 0x00007ff975c97000 	C:\WINDOWS\System32\bcrypt.dll
0x00007ff968480000 - 0x00007ff96848a000 	C:\Users\admin\AppData\Local\JetBrains\Toolbox\apps\IDEA-U\ch-0\193.7288.26\jbr\bin\management.dll
0x00007ff965100000 - 0x00007ff96510c000 	C:\Users\admin\AppData\Local\JetBrains\Toolbox\apps\IDEA-U\ch-0\193.7288.26\jbr\bin\management_ext.dll
0x00007ff9755d0000 - 0x00007ff9755e8000 	C:\WINDOWS\SYSTEM32\CRYPTSP.dll
0x00007ff974cd0000 - 0x00007ff974d04000 	C:\WINDOWS\system32\rsaenh.dll
0x00007ff975b20000 - 0x00007ff975b4e000 	C:\WINDOWS\SYSTEM32\USERENV.dll
0x00007ff975500000 - 0x00007ff97550c000 	C:\WINDOWS\SYSTEM32\CRYPTBASE.dll
0x00007ff96cdc0000 - 0x00007ff96cdd7000 	C:\WINDOWS\SYSTEM32\dhcpcsvc6.DLL
0x00007ff96cd40000 - 0x00007ff96cd5d000 	C:\WINDOWS\SYSTEM32\dhcpcsvc.DLL
0x00007ff94f0b0000 - 0x00007ff94f0c7000 	C:\WINDOWS\system32\napinsp.dll
0x00007ff94f090000 - 0x00007ff94f0ab000 	C:\WINDOWS\system32\pnrpnsp.dll
0x00007ff96fc80000 - 0x00007ff96fc95000 	C:\WINDOWS\system32\wshbth.dll
0x00007ff96e610000 - 0x00007ff96e62d000 	C:\WINDOWS\system32\NLAapi.dll
0x00007ff94f070000 - 0x00007ff94f082000 	C:\WINDOWS\System32\winrnr.dll
0x0000000180000000 - 0x0000000180285000 	E:\project\smartbi-project\apache-tomcat-8.5.64-windows-x64\apache-tomcat-8.5.64\bin\tcnative-1.dll
0x00007ff976020000 - 0x00007ff976176000 	C:\WINDOWS\System32\CRYPT32.dll
0x00007ff9516b0000 - 0x00007ff951701000 	C:\Users\admin\.javacpp\cache\libfreenect2-0.2.0-1.4.1-windows-x86_64.jar\org\bytedeco\javacpp\windows-x86_64\concrt140.dll
0x00007ff9505a0000 - 0x00007ff95063d000 	C:\Users\admin\.javacpp\cache\libfreenect2-0.2.0-1.4.1-windows-x86_64.jar\org\bytedeco\javacpp\windows-x86_64\msvcp140.dll
0x00007ff96efe0000 - 0x00007ff96eff7000 	C:\Users\admin\.javacpp\cache\libfreenect2-0.2.0-1.4.1-windows-x86_64.jar\org\bytedeco\javacpp\windows-x86_64\vcruntime140.dll
0x00000199f8db0000 - 0x00000199f8db3000 	C:\Users\admin\.javacpp\cache\libfreenect2-0.2.0-1.4.1-windows-x86_64.jar\org\bytedeco\javacpp\windows-x86_64\api-ms-win-crt-locale-l1-1-0.dll
0x00000199f8dc0000 - 0x00000199f8dc4000 	C:\Users\admin\.javacpp\cache\libfreenect2-0.2.0-1.4.1-windows-x86_64.jar\org\bytedeco\javacpp\windows-x86_64\api-ms-win-crt-string-l1-1-0.dll
0x00000199f8dd0000 - 0x00000199f8dd4000 	C:\Users\admin\.javacpp\cache\libfreenect2-0.2.0-1.4.1-windows-x86_64.jar\org\bytedeco\javacpp\windows-x86_64\api-ms-win-crt-stdio-l1-1-0.dll
0x00000199f8de0000 - 0x00000199f8de5000 	C:\Users\admin\.javacpp\cache\libfreenect2-0.2.0-1.4.1-windows-x86_64.jar\org\bytedeco\javacpp\windows-x86_64\api-ms-win-crt-math-l1-1-0.dll
0x00000199f8df0000 - 0x00000199f8df3000 	C:\Users\admin\.javacpp\cache\libfreenect2-0.2.0-1.4.1-windows-x86_64.jar\org\bytedeco\javacpp\windows-x86_64\api-ms-win-crt-heap-l1-1-0.dll
0x00000199f8e00000 - 0x00000199f8e04000 	C:\Users\admin\.javacpp\cache\libfreenect2-0.2.0-1.4.1-windows-x86_64.jar\org\bytedeco\javacpp\windows-x86_64\api-ms-win-crt-runtime-l1-1-0.dll
0x00000199fba30000 - 0x00000199fba34000 	C:\Users\admin\.javacpp\cache\libfreenect2-0.2.0-1.4.1-windows-x86_64.jar\org\bytedeco\javacpp\windows-x86_64\api-ms-win-crt-convert-l1-1-0.dll
0x00000199fba40000 - 0x00000199fba43000 	C:\Users\admin\.javacpp\cache\libfreenect2-0.2.0-1.4.1-windows-x86_64.jar\org\bytedeco\javacpp\windows-x86_64\api-ms-win-crt-environment-l1-1-0.dll
0x00000199fba50000 - 0x00000199fba53000 	C:\Users\admin\.javacpp\cache\libfreenect2-0.2.0-1.4.1-windows-x86_64.jar\org\bytedeco\javacpp\windows-x86_64\api-ms-win-crt-time-l1-1-0.dll
0x00000199fba60000 - 0x00000199fba63000 	C:\Users\admin\.javacpp\cache\libfreenect2-0.2.0-1.4.1-windows-x86_64.jar\org\bytedeco\javacpp\windows-x86_64\api-ms-win-crt-filesystem-l1-1-0.dll
0x00000199fba70000 - 0x00000199fba73000 	C:\Users\admin\.javacpp\cache\libfreenect2-0.2.0-1.4.1-windows-x86_64.jar\org\bytedeco\javacpp\windows-x86_64\api-ms-win-crt-utility-l1-1-0.dll
0x00000199fba80000 - 0x00000199fba85000 	C:\Users\admin\.javacpp\cache\libfreenect2-0.2.0-1.4.1-windows-x86_64.jar\org\bytedeco\javacpp\windows-x86_64\api-ms-win-crt-multibyte-l1-1-0.dll
0x00007ff91f0b0000 - 0x00007ff91f3b4000 	C:\Users\admin\.javacpp\cache\opencv-3.4.1-1.4.1-windows-x86_64.jar\org\bytedeco\javacpp\windows-x86_64\opencv_core341.dll
0x00007ff91e710000 - 0x00007ff91eb15000 	C:\Users\admin\.javacpp\cache\opencv-3.4.1-1.4.1-windows-x86_64.jar\org\bytedeco\javacpp\windows-x86_64\opencv_imgproc341.dll
0x00007ff91e380000 - 0x00007ff91e70e000 	C:\Users\admin\.javacpp\cache\opencv-3.4.1-1.4.1-windows-x86_64.jar\org\bytedeco\javacpp\windows-x86_64\jniopencv_core.dll
0x00007ff93bff0000 - 0x00007ff93c146000 	C:\Users\admin\.javacpp\cache\opencv-3.4.1-1.4.1-windows-x86_64.jar\org\bytedeco\javacpp\windows-x86_64\jniopencv_imgproc.dll
0x00007ff937cd0000 - 0x00007ff937d63000 	C:\Users\admin\.javacpp\cache\opencv-3.4.1-1.4.1-windows-x86_64.jar\org\bytedeco\javacpp\windows-x86_64\opencv_objdetect341.dll
0x00007ff950410000 - 0x00007ff950489000 	C:\Users\admin\.javacpp\cache\opencv-3.4.1-1.4.1-windows-x86_64.jar\org\bytedeco\javacpp\windows-x86_64\jniopencv_objdetect.dll
0x00007ff91e0b0000 - 0x00007ff91e37f000 	C:\Users\admin\.javacpp\cache\opencv-3.4.1-1.4.1-windows-x86_64.jar\org\bytedeco\javacpp\windows-x86_64\opencv_imgcodecs341.dll
0x00007ff950970000 - 0x00007ff9509a4000 	C:\Users\admin\.javacpp\cache\opencv-3.4.1-1.4.1-windows-x86_64.jar\org\bytedeco\javacpp\windows-x86_64\jniopencv_imgcodecs.dll
0x00007ff93e770000 - 0x00007ff93e7c1000 	C:\Users\admin\.javacpp\cache\opencv-3.4.1-1.4.1-windows-x86_64.jar\org\bytedeco\javacpp\windows-x86_64\opencv_videoio341.dll
0x00007ff951410000 - 0x00007ff95143b000 	C:\WINDOWS\SYSTEM32\MSVFW32.dll
0x00007ff950940000 - 0x00007ff950961000 	C:\WINDOWS\SYSTEM32\AVIFIL32.dll
0x00007ff95f160000 - 0x00007ff95f179000 	C:\WINDOWS\SYSTEM32\AVICAP32.dll
0x00007ff95a920000 - 0x00007ff95a93e000 	C:\WINDOWS\SYSTEM32\MSACM32.dll
0x00007ff95c6d0000 - 0x00007ff95c6f6000 	C:\WINDOWS\SYSTEM32\winmmbase.dll
0x00007ff9506c0000 - 0x00007ff9506df000 	C:\Users\admin\.javacpp\cache\opencv-3.4.1-1.4.1-windows-x86_64.jar\org\bytedeco\javacpp\windows-x86_64\jniopencv_videoio.dll
0x00007ff9716c0000 - 0x00007ff97175e000 	C:\WINDOWS\system32\uxtheme.dll
0x00007ff976a50000 - 0x00007ff976af9000 	C:\WINDOWS\System32\clbcatq.dll
0x00007ff94f150000 - 0x00007ff94f16d000 	C:\Windows\System32\devenum.dll
0x00007ff975f70000 - 0x00007ff975fbe000 	C:\WINDOWS\System32\CFGMGR32.dll
0x00007ff976ba0000 - 0x00007ff977007000 	C:\WINDOWS\System32\setupapi.dll
0x00007ff974900000 - 0x00007ff974933000 	C:\WINDOWS\SYSTEM32\ntmarta.dll
0x00007ff9759c0000 - 0x00007ff9759ec000 	C:\WINDOWS\SYSTEM32\DEVOBJ.dll
0x00007ff975fc0000 - 0x00007ff976020000 	C:\WINDOWS\System32\WINTRUST.dll
0x00007ff9757e0000 - 0x00007ff9757f2000 	C:\WINDOWS\SYSTEM32\MSASN1.dll
0x00007ff95fa60000 - 0x00007ff95fa6b000 	C:\WINDOWS\SYSTEM32\msdmo.dll
0x00007ff93cf20000 - 0x00007ff93cf56000 	C:\Windows\System32\qcap.dll
0x00007ff91dee0000 - 0x00007ff91e0b0000 	C:\Windows\System32\quartz.dll
0x00007ff978230000 - 0x00007ff978345000 	C:\WINDOWS\System32\MSCTF.dll
0x00007ff93ced0000 - 0x00007ff93cf1d000 	C:\Windows\System32\mfksproxy.dll
0x00007ff958610000 - 0x00007ff95862d000 	C:\Windows\System32\ATL.DLL
0x00007ff96e8d0000 - 0x00007ff96ea8c000 	C:\Windows\System32\MFPlat.DLL
0x00007ff96e880000 - 0x00007ff96e8b0000 	C:\Windows\System32\RTWorkQ.DLL
0x00007ff91ba60000 - 0x00007ff91beee000 	C:\Windows\System32\MFCORE.dll
0x00007ff975150000 - 0x00007ff97519b000 	C:\WINDOWS\SYSTEM32\powrprof.dll
0x00007ff95f990000 - 0x00007ff95f999000 	C:\Windows\System32\ksuser.dll
0x00007ff975020000 - 0x00007ff975032000 	C:\WINDOWS\SYSTEM32\UMPDC.dll
0x00007ff937c60000 - 0x00007ff937ccc000 	C:\Windows\System32\FrameServerClient.dll
0x00007ff9357c0000 - 0x00007ff935827000 	C:\Windows\System32\MFSENSORGROUP.dll
0x00007ff973270000 - 0x00007ff97327a000 	C:\Windows\System32\AVRT.dll
0x00007ff95f6a0000 - 0x00007ff95f6ad000 	C:\Windows\System32\vidcap.ax
0x00007ff9395f0000 - 0x00007ff939617000 	C:\Windows\System32\kswdmcap.ax
0x00007ff91b530000 - 0x00007ff91b69c000 	C:\Windows\System32\MFC42.dll

dbghelp: loaded successfully - version: 4.0.5 - missing functions: none
symbol engine: initialized successfully - sym options: 0x614 - pdb path: .;C:\Users\admin\AppData\Local\JetBrains\Toolbox\apps\IDEA-U\ch-0\193.7288.26\jbr\bin;C:\WINDOWS\SYSTEM32;C:\WINDOWS\WinSxS\amd64_microsoft.windows.common-controls_6595b64144ccf1df_6.0.19041.746_none_ca02b4b61b8320a4;C:\Users\admin\AppData\Local\JetBrains\Toolbox\apps\IDEA-U\ch-0\193.7288.26\jbr\bin\server;C:\Program Files (x86)\Sangfor\SSL\ClientComponent;E:\project\smartbi-project\apache-tomcat-8.5.64-windows-x64\apache-tomcat-8.5.64\bin;C:\Users\admin\.javacpp\cache\libfreenect2-0.2.0-1.4.1-windows-x86_64.jar\org\bytedeco\javacpp\windows-x86_64;C:\Users\admin\.javacpp\cache\opencv-3.4.1-1.4.1-windows-x86_64.jar\org\bytedeco\javacpp\windows-x86_64;C:\WINDOWS\WinSxS\amd64_microsoft.windows.gdiplus_6595b64144ccf1df_1.1.19041.789_none_faf0a7e97612e7bb;C:\Users\admin\.javacpp\cache\ffmpeg-3.4.2-1.4.1-windows-x86_64.jar\org\bytedeco\javacpp\windows-x86_64;E:\software\sogoupinyin\10.0.0.4300;E:\software\sogoupinyin\Components\PicFace\1.1.0.1879

VM Arguments:
jvm_args: -agentlib:jdwp=transport=dt_socket,address=127.0.0.1:54894,suspend=y,server=n -XX:TieredStopAtLevel=1 -Xverify:none -Dspring.output.ansi.enabled=always -Dcom.sun.management.jmxremote -Dspring.jmx.enabled=true -Dspring.liveBeansView.mbeanDomain -Dspring.application.admin.enabled=true -javaagent:C:\Users\admin\AppData\Local\JetBrains\Toolbox\apps\IDEA-U\ch-0\193.7288.26\plugins\java\lib\rt\debugger-agent.jar -Dfile.encoding=UTF-8 
java_command: com.example.camerserver.CamerServerApplication
java_class_path (initial): E:\project\yry\Camera\Camera\camer-server\target\classes;E:\respority\org\springframework\boot\spring-boot-starter\2.5.3\spring-boot-starter-2.5.3.jar;E:\respority\org\springframework\boot\spring-boot\2.5.3\spring-boot-2.5.3.jar;E:\respority\org\springframework\spring-context\5.3.9\spring-context-5.3.9.jar;E:\respority\org\springframework\boot\spring-boot-autoconfigure\2.5.3\spring-boot-autoconfigure-2.5.3.jar;E:\respority\org\springframework\boot\spring-boot-starter-logging\2.5.3\spring-boot-starter-logging-2.5.3.jar;E:\respority\ch\qos\logback\logback-classic\1.2.4\logback-classic-1.2.4.jar;E:\respority\ch\qos\logback\logback-core\1.2.4\logback-core-1.2.4.jar;E:\respority\org\apache\logging\log4j\log4j-to-slf4j\2.14.1\log4j-to-slf4j-2.14.1.jar;E:\respority\org\apache\logging\log4j\log4j-api\2.14.1\log4j-api-2.14.1.jar;E:\respority\org\slf4j\jul-to-slf4j\1.7.32\jul-to-slf4j-1.7.32.jar;E:\respority\jakarta\annotation\jakarta.annotation-api\1.3.5\jakarta.annotation-api-1.3.5.jar;E:\respority\org\springframework\spring-core\5.3.9\spring-core-5.3.9.jar;E:\respority\org\springframework\spring-jcl\5.3.9\spring-jcl-5.3.9.jar;E:\respority\org\yaml\snakeyaml\1.28\snakeyaml-1.28.jar;E:\respority\org\slf4j\slf4j-api\1.7.32\slf4j-api-1.7.32.jar;E:\respority\org\springframework\boot\spring-boot-starter-web\2.5.3\spring-boot-starter-web-2.5.3.jar;E:\respority\org\springframework\boot\spring-boot-starter-json\2.5.3\spring-boot-starter-json-2.5.3.jar;E:\respority\com\fasterxml\jackson\core\jackson-databind\2.12.4\jackson-databind-2.12.4.jar;E:\respority\com\fasterxml\jackson\core\jackson-annotations\2.12.4\jackson-annotations-2.12.4.jar;E:\respority\com\fasterxml\jackson\core\jackson-core\2.12.4\jackson-core-2.12.4.jar;E:\respority\com\fasterxml\jackson\datatype\jackson-datatype-jdk8\2.12.4\jackson-datatype-jdk8-2.12.4.jar;E:\respority\com\fasterxml\jackson\datatype\jackson-datatype-jsr310\2.12.4\jackson-datatype-jsr310-2.12.4.jar;E:\respority\com\fast
Launcher Type: SUN_STANDARD

[Global flags]
     bool BytecodeVerificationLocal                = false                                     {product} {command line}
     bool BytecodeVerificationRemote               = false                                     {product} {command line}
     intx CICompilerCount                          = 4                                         {product} {ergonomic}
     uint ConcGCThreads                            = 2                                         {product} {ergonomic}
     uint G1ConcRefinementThreads                  = 8                                         {product} {ergonomic}
   size_t G1HeapRegionSize                         = 1048576                                   {product} {ergonomic}
    uintx GCDrainStackTargetSize                   = 64                                        {product} {ergonomic}
   size_t InitialHeapSize                          = 134217728                                 {product} {ergonomic}
     bool ManagementServer                         = true                                      {product} {command line}
   size_t MarkStackSize                            = 4194304                                   {product} {ergonomic}
   size_t MaxHeapSize                              = 2120220672                                {product} {ergonomic}
   size_t MaxNewSize                               = 1271922688                                {product} {ergonomic}
   size_t MinHeapDeltaBytes                        = 1048576                                   {product} {ergonomic}
    uintx NonNMethodCodeHeapSize                   = 7549744                                {pd product} {ergonomic}
    uintx NonProfiledCodeHeapSize                  = 244108496                              {pd product} {ergonomic}
    uintx ProfiledCodeHeapSize                     = 0                                      {pd product} {ergonomic}
    uintx ReservedCodeCacheSize                    = 251658240                              {pd product} {ergonomic}
     bool SegmentedCodeCache                       = true                                      {product} {ergonomic}
     intx TieredStopAtLevel                        = 1                                         {product} {command line}
     bool UseCompressedClassPointers               = true                                 {lp64_product} {ergonomic}
     bool UseCompressedOops                        = true                                 {lp64_product} {ergonomic}
     bool UseG1GC                                  = true                                      {product} {ergonomic}
     bool UseLargePagesIndividualAllocation        = false                                  {pd product} {ergonomic}

Logging:
Log output configuration:
 #0: stdout all=warning uptime,level,tags
 #1: stderr all=off uptime,level,tags

Environment Variables:
JAVA_HOME=D:\javaEnvironment\jdk1.8\jdk
PATH=C:\WINDOWS\system32;C:\WINDOWS;C:\WINDOWS\System32\Wbem;C:\WINDOWS\System32\WindowsPowerShell\v1.0\;C:\WINDOWS\System32\OpenSSH\;C:\Program Files (x86)\Intel\Intel(R) Management Engine Components\DAL;C:\Program Files\Intel\Intel(R) Management Engine Components\DAL;D:\javaEnvironment\jdk1.8\jdk\bin;D:\javaEnvironment\jdk1.8\jdk\jre\bin;D:\javaEnvironment\Maven\apache-maven-3.3.9\bin;D:\Git\cmd;C:\Program Files\Intel\WiFi\bin\;C:\Program Files\Common Files\Intel\WirelessCommon\;D:\c++Environment\x86_64-8.1.0-release-posix-sjlj-rt_v6-rev0\mingw64\bin;D:\c++Environment\cmake\bin;D:\XFTP\;D:\xshell\;E:\project\smartbi-project\apache-tomcat-8.5.64-windows-x64\apache-tomcat-8.5.64\bin;;C:\Program Files\Docker\Docker\resources\bin;C:\ProgramData\DockerDesktop\version-bin;C:\Users\admin\AppData\Local\Microsoft\WindowsApps;
USERNAME=admin
OS=Windows_NT
PROCESSOR_IDENTIFIER=Intel64 Family 6 Model 142 Stepping 10, GenuineIntel



---------------  S Y S T E M  ---------------

OS: Windows 10 , 64 bit Build 19041 (10.0.19041.804)
HyperV virtualization detected

CPU:total 8 (initial active 8) (4 cores per cpu, 2 threads per core) family 6 model 142 stepping 10, cmov, cx8, fxsr, mmx, sse, sse2, sse3, ssse3, sse4.1, sse4.2, popcnt, avx, avx2, aes, clmul, erms, 3dnowpref, lzcnt, ht, tsc, tscinvbit, bmi1, bmi2, adx, fma

Memory: 4k page, system-wide physical 8087M (610M free)
TotalPageFile size 18839M (AvailPageFile size 6974M)
current process WorkingSet (physical memory assigned to process): 261M, peak: 302M
current process commit charge ("private bytes"): 309M, peak: 452M

vm_info: OpenJDK 64-Bit Server VM (11.0.6+8-b520.66) for windows-amd64 JRE (11.0.6+8-b520.66), built on Apr 20 2020 16:47:00 by "" with MS VC++ 14.0 (VS2015)

END.
